d:\windowslearn\rpc_learn\petitpotamlearn\x64\release\vc142.pdb
d:\windowslearn\rpc_learn\petitpotamlearn\x64\release\efsr_c.obj
d:\windowslearn\rpc_learn\petitpotamlearn\x64\release\efsr.obj
d:\windowslearn\rpc_learn\petitpotamlearn\x64\release\petitpotamlearn.exe
d:\windowslearn\rpc_learn\petitpotamlearn\x64\release\petitpotamlearn.pdb
d:\windowslearn\rpc_learn\petitpotamlearn\efsr_c.c
d:\windowslearn\rpc_learn\petitpotamlearn\efsr_s.c
d:\windowslearn\rpc_learn\petitpotamlearn\efsr_h.h
d:\windowslearn\rpc_learn\petitpotamlearn\x64\release\petitpotamlearn.ipdb
d:\windowslearn\rpc_learn\petitpotamlearn\x64\release\petitpotamlearn.iobj
d:\windowslearn\rpc_learn\petitpotamlearn\x64\release\petitpotamlearn.tlog\cl.command.1.tlog
d:\windowslearn\rpc_learn\petitpotamlearn\x64\release\petitpotamlearn.tlog\cl.read.1.tlog
d:\windowslearn\rpc_learn\petitpotamlearn\x64\release\petitpotamlearn.tlog\cl.write.1.tlog
d:\windowslearn\rpc_learn\petitpotamlearn\x64\release\petitpotamlearn.tlog\link.command.1.tlog
d:\windowslearn\rpc_learn\petitpotamlearn\x64\release\petitpotamlearn.tlog\link.read.1.tlog
d:\windowslearn\rpc_learn\petitpotamlearn\x64\release\petitpotamlearn.tlog\link.write.1.tlog
d:\windowslearn\rpc_learn\petitpotamlearn\x64\release\petitpotamlearn.tlog\midl.command.1.tlog
d:\windowslearn\rpc_learn\petitpotamlearn\x64\release\petitpotamlearn.tlog\midl.read.1.tlog
d:\windowslearn\rpc_learn\petitpotamlearn\x64\release\petitpotamlearn.tlog\midl.write.1.tlog
d:\windowslearn\rpc_learn\petitpotamlearn\x64\release\petitpotamlearn.tlog\petitpotamlearn.write.1u.tlog
